<?xml version="1.0" encoding="UTF-8"?>
<!-- Generated by org.testng.reporters.JUnitReportReporter -->
<testsuite skipped="0" hostname="LAPTOP-3Q9FF48L" name="com.testng.login.demo.NewContactTest" tests="5" failures="0" timestamp="10 Jun 2020 23:57:29 GMT" time="30.166" errors="0">
  <testcase name="findContacts" time="11.330" classname="com.testng.login.demo.NewContactTest"/>
  <testcase name="loginBrowser" time="10.410" classname="com.testng.login.demo.NewContactTest"/>
  <testcase name="clickNewContactButton" time="5.657" classname="com.testng.login.demo.NewContactTest"/>
  <testcase name="enterDetails" time="0.198" classname="com.testng.login.demo.NewContactTest"/>
  <testcase name="clickSave" time="2.571" classname="com.testng.login.demo.NewContactTest"/>
</testsuite> <!-- com.testng.login.demo.NewContactTest -->
