<?xml version="1.0" encoding="UTF-8"?>
<!-- Generated by org.testng.reporters.JUnitReportReporter -->
<testsuite skipped="0" hostname="LAPTOP-3Q9FF48L" name="com.testng.login.demo.DataProviderTest" tests="7" failures="0" timestamp="23 May 2020 21:49:27 GMT" time="0.012" errors="0">
  <testcase name="validatingEmployeeInfo" time="0.001" classname="com.testng.login.demo.DataProviderTest"/>
  <testcase name="validatingEmployeeInfo" time="0.007" classname="com.testng.login.demo.DataProviderTest"/>
  <testcase name="validatingEmployeeInfo" time="0.001" classname="com.testng.login.demo.DataProviderTest"/>
  <testcase name="validatingEmployeeInfo" time="0.000" classname="com.testng.login.demo.DataProviderTest"/>
  <testcase name="validatingEmployeeInfo" time="0.001" classname="com.testng.login.demo.DataProviderTest"/>
  <testcase name="validatingEmployeeInfo" time="0.001" classname="com.testng.login.demo.DataProviderTest"/>
  <testcase name="validatingEmployeeInfo" time="0.001" classname="com.testng.login.demo.DataProviderTest"/>
</testsuite> <!-- com.testng.login.demo.DataProviderTest -->
