<?xml version="1.0" encoding="UTF-8"?>
<!-- Generated by org.testng.reporters.JUnitReportReporter -->
<testsuite skipped="0" hostname="LAPTOP-3Q9FF48L" name="com.testng.login.demo.NewContact" tests="5" failures="0" timestamp="23 May 2020 07:15:09 GMT" time="33.630" errors="0">
  <testcase name="findContacts" time="12.532" classname="com.testng.login.demo.NewContact"/>
  <testcase name="loginBrowser" time="9.724" classname="com.testng.login.demo.NewContact"/>
  <testcase name="clickNewContactButton" time="6.219" classname="com.testng.login.demo.NewContact"/>
  <testcase name="enterDetails" time="0.224" classname="com.testng.login.demo.NewContact"/>
  <testcase name="clickSave" time="4.931" classname="com.testng.login.demo.NewContact"/>
</testsuite> <!-- com.testng.login.demo.NewContact -->
