<?xml version="1.0" encoding="UTF-8"?>
<!-- Generated by org.testng.reporters.JUnitReportReporter -->
<testsuite skipped="0" hostname="LAPTOP-3Q9FF48L" name="com.testng.login.demo.PriorityTest" tests="4" failures="0" timestamp="10 Jun 2020 22:43:09 GMT" time="0.013" errors="0">
  <testcase name="login2" time="0.011" classname="com.testng.login.demo.PriorityTest"/>
  <testcase name="login" time="0.000" classname="com.testng.login.demo.PriorityTest"/>
  <testcase name="Login" time="0.001" classname="com.testng.login.demo.PriorityTest"/>
  <testcase name="login_1" time="0.001" classname="com.testng.login.demo.PriorityTest"/>
</testsuite> <!-- com.testng.login.demo.PriorityTest -->
